#
# There is insufficient memory for the Java Runtime Environment to continue.
# Native memory allocation (malloc) failed to allocate 2601616 bytes for Chunk::new
# Possible reasons:
#   The system is out of physical RAM or swap space
#   The process is running with CompressedOops enabled, and the Java Heap may be blocking the growth of the native heap
# Possible solutions:
#   Reduce memory load on the system
#   Increase physical memory or swap space
#   Check if swap backing store is full
#   Decrease Java heap size (-Xmx/-Xms)
#   Decrease number of Java threads
#   Decrease Java thread stack sizes (-Xss)
#   Set larger code cache with -XX:ReservedCodeCacheSize=
#   JVM is running with Unscaled Compressed Oops mode in which the Java heap is
#     placed in the first 4GB address space. The Java Heap base address is the
#     maximum limit for the native heap growth. Please use -XX:HeapBaseMinAddress
#     to set the Java Heap base and to place the Java Heap above 4GB virtual address.
# This output file may be truncated or incomplete.
#
#  Out of Memory Error (./open/src/hotspot/share/memory/arena.cpp:197), pid=8788, tid=11324
#
# JRE version: Java(TM) SE Runtime Environment 18.9 (11.0.15+8) (build 11.0.15+8-LTS-149)
# Java VM: Java HotSpot(TM) 64-Bit Server VM 18.9 (11.0.15+8-LTS-149, mixed mode, tiered, compressed oops, g1 gc, windows-amd64)
# No core dump will be written. Minidumps are not enabled by default on client versions of Windows
#

---------------  S U M M A R Y ------------

Command Line: C:\Users\anesy\AppData\Local\Temp\surefire6075307906923848835\surefirebooter16188543888355825888.jar C:\Users\anesy\AppData\Local\Temp\surefire6075307906923848835 2023-12-03T01-11-16_487-jvmRun1 surefire12678787959617493641tmp surefire_012259038952550103620tmp

Host: Intel(R) Core(TM) i5-8250U CPU @ 1.60GHz, 8 cores, 7G,  Windows 10 , 64 bit Build 19041 (10.0.19041.3636)
Time: Sun Dec  3 01:11:24 2023 Afr. centrale Ouest elapsed time: 6.480659 seconds (0d 0h 0m 6s)

---------------  T H R E A D  ---------------

Current thread (0x00000261207ec800):  JavaThread "C2 CompilerThread1" daemon [_thread_in_native, id=11324, stack(0x000000d771000000,0x000000d771100000)]


Current CompileTask:
C2:   6480 2335   !   4       jdk.internal.loader.BuiltinClassLoader::loadClassOrNull (143 bytes)

Stack: [0x000000d771000000,0x000000d771100000]
Native frames: (J=compiled Java code, j=interpreted, Vv=VM code, C=native code)
V  [jvm.dll+0x629d8a]
V  [jvm.dll+0x7638ff]
V  [jvm.dll+0x764fa9]
V  [jvm.dll+0x765633]
V  [jvm.dll+0x23d9c8]
V  [jvm.dll+0xb2a1c]
V  [jvm.dll+0xb2fdc]
V  [jvm.dll+0x341047]
V  [jvm.dll+0x18cd11]
V  [jvm.dll+0x1f8672]
V  [jvm.dll+0x1f774d]
V  [jvm.dll+0x177c51]
V  [jvm.dll+0x207026]
V  [jvm.dll+0x2051bb]
V  [jvm.dll+0x729820]
V  [jvm.dll+0x7223f4]
V  [jvm.dll+0x628c26]
C  [ucrtbase.dll+0x21bb2]
C  [KERNEL32.DLL+0x17344]
C  [ntdll.dll+0x526b1]


---------------  P R O C E S S  ---------------

Threads class SMR info:
_java_thread_list=0x00000261230bc690, length=14, elements={
0x000002617ce3f000, 0x000002611e6ba800, 0x000002611e6bb800, 0x000002611f067800,
0x000002611f068800, 0x000002611f06a800, 0x000002611f012800, 0x000002611f018800,
0x000002611f075000, 0x000002611f21c000, 0x000002611f2a3000, 0x000002611f2c8000,
0x00000261207ec800, 0x0000026120526000
}

Java Threads: ( => current thread )
  0x000002617ce3f000 JavaThread "main" [_thread_in_Java, id=1040, stack(0x000000d76fa00000,0x000000d76fb00000)]
  0x000002611e6ba800 JavaThread "Reference Handler" daemon [_thread_blocked, id=8216, stack(0x000000d770100000,0x000000d770200000)]
  0x000002611e6bb800 JavaThread "Finalizer" daemon [_thread_blocked, id=8920, stack(0x000000d770200000,0x000000d770300000)]
  0x000002611f067800 JavaThread "Signal Dispatcher" daemon [_thread_blocked, id=12388, stack(0x000000d770300000,0x000000d770400000)]
  0x000002611f068800 JavaThread "Attach Listener" daemon [_thread_blocked, id=7308, stack(0x000000d770400000,0x000000d770500000)]
  0x000002611f06a800 JavaThread "Service Thread" daemon [_thread_blocked, id=5728, stack(0x000000d770500000,0x000000d770600000)]
  0x000002611f012800 JavaThread "C2 CompilerThread0" daemon [_thread_in_native, id=3880, stack(0x000000d770600000,0x000000d770700000)]
  0x000002611f018800 JavaThread "C1 CompilerThread0" daemon [_thread_blocked, id=7608, stack(0x000000d770700000,0x000000d770800000)]
  0x000002611f075000 JavaThread "Sweeper thread" daemon [_thread_blocked, id=8556, stack(0x000000d770800000,0x000000d770900000)]
  0x000002611f21c000 JavaThread "Common-Cleaner" daemon [_thread_blocked, id=12680, stack(0x000000d770a00000,0x000000d770b00000)]
  0x000002611f2a3000 JavaThread "surefire-forkedjvm-command-thread" daemon [_thread_in_native, id=9428, stack(0x000000d770b00000,0x000000d770c00000)]
  0x000002611f2c8000 JavaThread "surefire-forkedjvm-ping-30s" daemon [_thread_blocked, id=6920, stack(0x000000d770c00000,0x000000d770d00000)]
=>0x00000261207ec800 JavaThread "C2 CompilerThread1" daemon [_thread_in_native, id=11324, stack(0x000000d771000000,0x000000d771100000)]
  0x0000026120526000 JavaThread "C2 CompilerThread2" daemon [_thread_in_native, id=5660, stack(0x000000d771100000,0x000000d771200000)]

Other Threads:
  0x000002611e6b9000 VMThread "VM Thread" [stack: 0x000000d770000000,0x000000d770100000] [id=2544]
  0x000002611f21b800 WatcherThread [stack: 0x000000d770900000,0x000000d770a00000] [id=11784]
  0x000002617ce53000 GCTaskThread "GC Thread#0" [stack: 0x000000d76fb00000,0x000000d76fc00000] [id=2816]
  0x000002612017c000 GCTaskThread "GC Thread#1" [stack: 0x000000d770e00000,0x000000d770f00000] [id=11848]
  0x00000261204c1800 GCTaskThread "GC Thread#2" [stack: 0x000000d770f00000,0x000000d771000000] [id=14084]
  0x000002612390c800 GCTaskThread "GC Thread#3" [stack: 0x000000d771200000,0x000000d771300000] [id=4376]
  0x000002617ce85800 ConcurrentGCThread "G1 Main Marker" [stack: 0x000000d76fc00000,0x000000d76fd00000] [id=12368]
  0x000002617ce88000 ConcurrentGCThread "G1 Conc#0" [stack: 0x000000d76fd00000,0x000000d76fe00000] [id=8792]
  0x000002611fab2800 ConcurrentGCThread "G1 Conc#1" [stack: 0x000000d770d00000,0x000000d770e00000] [id=13484]
  0x000002617cede000 ConcurrentGCThread "G1 Refine#0" [stack: 0x000000d76fe00000,0x000000d76ff00000] [id=12612]
  0x000002611e4fa800 ConcurrentGCThread "G1 Young RemSet Sampling" [stack: 0x000000d76ff00000,0x000000d770000000] [id=6112]

Threads with active compile tasks:
C2 CompilerThread0   6622 2882   !   4       jdk.internal.loader.BuiltinClassLoader$2::run (114 bytes)
C2 CompilerThread1   6622 2335   !   4       jdk.internal.loader.BuiltinClassLoader::loadClassOrNull (143 bytes)
C2 CompilerThread2   6622 2879       4       java.lang.String::equalsIgnoreCase (45 bytes)

VM state:not at safepoint (normal execution)

VM Mutex/Monitor currently owned by a thread: None

Heap address: 0x0000000081600000, size: 2026 MB, Compressed Oops mode: 32-bit
Narrow klass base: 0x0000000000000000, Narrow klass shift: 3
Compressed class space size: 1073741824 Address: 0x0000000100000000

Heap:
 garbage-first heap   total 131072K, used 56917K [0x0000000081600000, 0x0000000100000000)
  region size 1024K, 46 young (47104K), 5 survivors (5120K)
 Metaspace       used 29643K, capacity 30625K, committed 30848K, reserved 1077248K
  class space    used 3456K, capacity 3851K, committed 3968K, reserved 1048576K
Heap Regions: E=young(eden), S=young(survivor), O=old, HS=humongous(starts), HC=humongous(continues), CS=collection set, F=free, A=archive, TAMS=top-at-mark-start (previous, next)
|   0|0x0000000081600000, 0x0000000081700000, 0x0000000081700000|100%|HS|  |TAMS 0x0000000081700000, 0x0000000081600000| Complete 
|   1|0x0000000081700000, 0x0000000081800000, 0x0000000081800000|100%|HS|  |TAMS 0x0000000081800000, 0x0000000081700000| Complete 
|   2|0x0000000081800000, 0x0000000081900000, 0x0000000081900000|100%| O|  |TAMS 0x0000000081900000, 0x0000000081800000| Untracked 
|   3|0x0000000081900000, 0x0000000081a00000, 0x0000000081a00000|100%| O|  |TAMS 0x0000000081a00000, 0x0000000081900000| Untracked 
|   4|0x0000000081a00000, 0x0000000081b00000, 0x0000000081b00000|100%| O|  |TAMS 0x0000000081b00000, 0x0000000081a00000| Untracked 
|   5|0x0000000081b00000, 0x0000000081c00000, 0x0000000081c00000|100%| O|  |TAMS 0x0000000081c00000, 0x0000000081b00000| Untracked 
|   6|0x0000000081c00000, 0x0000000081d00000, 0x0000000081d00000|100%| O|  |TAMS 0x0000000081d00000, 0x0000000081c00000| Untracked 
|   7|0x0000000081d00000, 0x0000000081e00000, 0x0000000081e00000|100%| O|  |TAMS 0x0000000081e00000, 0x0000000081d00000| Untracked 
|   8|0x0000000081e00000, 0x0000000081f00000, 0x0000000081f00000|100%| O|  |TAMS 0x0000000081f00000, 0x0000000081e00000| Untracked 
|   9|0x0000000081f00000, 0x0000000082000000, 0x0000000082000000|100%| O|  |TAMS 0x0000000082000000, 0x0000000081f00000| Untracked 
|  10|0x0000000082000000, 0x0000000082100000, 0x0000000082100000|100%| O|  |TAMS 0x0000000082100000, 0x0000000082000000| Untracked 
|  11|0x0000000082100000, 0x0000000082137a00, 0x0000000082200000| 21%| O|  |TAMS 0x0000000082137a00, 0x0000000082100000| Untracked 
|  12|0x0000000082200000, 0x0000000082200000, 0x0000000082300000|  0%| F|  |TAMS 0x0000000082200000, 0x0000000082200000| Untracked 
|  13|0x0000000082300000, 0x0000000082300000, 0x0000000082400000|  0%| F|  |TAMS 0x0000000082300000, 0x0000000082300000| Untracked 
|  14|0x0000000082400000, 0x0000000082400000, 0x0000000082500000|  0%| F|  |TAMS 0x0000000082400000, 0x0000000082400000| Untracked 
|  15|0x0000000082500000, 0x0000000082500000, 0x0000000082600000|  0%| F|  |TAMS 0x0000000082500000, 0x0000000082500000| Untracked 
|  16|0x0000000082600000, 0x0000000082600000, 0x0000000082700000|  0%| F|  |TAMS 0x0000000082600000, 0x0000000082600000| Untracked 
|  17|0x0000000082700000, 0x0000000082700000, 0x0000000082800000|  0%| F|  |TAMS 0x0000000082700000, 0x0000000082700000| Untracked 
|  18|0x0000000082800000, 0x0000000082800000, 0x0000000082900000|  0%| F|  |TAMS 0x0000000082800000, 0x0000000082800000| Untracked 
|  19|0x0000000082900000, 0x0000000082900000, 0x0000000082a00000|  0%| F|  |TAMS 0x0000000082900000, 0x0000000082900000| Untracked 
|  20|0x0000000082a00000, 0x0000000082a00000, 0x0000000082b00000|  0%| F|  |TAMS 0x0000000082a00000, 0x0000000082a00000| Untracked 
|  21|0x0000000082b00000, 0x0000000082b00000, 0x0000000082c00000|  0%| F|  |TAMS 0x0000000082b00000, 0x0000000082b00000| Untracked 
|  22|0x0000000082c00000, 0x0000000082c00000, 0x0000000082d00000|  0%| F|  |TAMS 0x0000000082c00000, 0x0000000082c00000| Untracked 
|  23|0x0000000082d00000, 0x0000000082d00000, 0x0000000082e00000|  0%| F|  |TAMS 0x0000000082d00000, 0x0000000082d00000| Untracked 
|  24|0x0000000082e00000, 0x0000000082e00000, 0x0000000082f00000|  0%| F|  |TAMS 0x0000000082e00000, 0x0000000082e00000| Untracked 
|  25|0x0000000082f00000, 0x0000000082f00000, 0x0000000083000000|  0%| F|  |TAMS 0x0000000082f00000, 0x0000000082f00000| Untracked 
|  26|0x0000000083000000, 0x0000000083000000, 0x0000000083100000|  0%| F|  |TAMS 0x0000000083000000, 0x0000000083000000| Untracked 
|  27|0x0000000083100000, 0x0000000083100000, 0x0000000083200000|  0%| F|  |TAMS 0x0000000083100000, 0x0000000083100000| Untracked 
|  28|0x0000000083200000, 0x0000000083200000, 0x0000000083300000|  0%| F|  |TAMS 0x0000000083200000, 0x0000000083200000| Untracked 
|  29|0x0000000083300000, 0x0000000083300000, 0x0000000083400000|  0%| F|  |TAMS 0x0000000083300000, 0x0000000083300000| Untracked 
|  30|0x0000000083400000, 0x0000000083400000, 0x0000000083500000|  0%| F|  |TAMS 0x0000000083400000, 0x0000000083400000| Untracked 
|  31|0x0000000083500000, 0x0000000083500000, 0x0000000083600000|  0%| F|  |TAMS 0x0000000083500000, 0x0000000083500000| Untracked 
|  32|0x0000000083600000, 0x0000000083600000, 0x0000000083700000|  0%| F|  |TAMS 0x0000000083600000, 0x0000000083600000| Untracked 
|  33|0x0000000083700000, 0x0000000083700000, 0x0000000083800000|  0%| F|  |TAMS 0x0000000083700000, 0x0000000083700000| Untracked 
|  34|0x0000000083800000, 0x0000000083800000, 0x0000000083900000|  0%| F|  |TAMS 0x0000000083800000, 0x0000000083800000| Untracked 
|  35|0x0000000083900000, 0x0000000083900000, 0x0000000083a00000|  0%| F|  |TAMS 0x0000000083900000, 0x0000000083900000| Untracked 
|  36|0x0000000083a00000, 0x0000000083a00000, 0x0000000083b00000|  0%| F|  |TAMS 0x0000000083a00000, 0x0000000083a00000| Untracked 
|  37|0x0000000083b00000, 0x0000000083b00000, 0x0000000083c00000|  0%| F|  |TAMS 0x0000000083b00000, 0x0000000083b00000| Untracked 
|  38|0x0000000083c00000, 0x0000000083c00000, 0x0000000083d00000|  0%| F|  |TAMS 0x0000000083c00000, 0x0000000083c00000| Untracked 
|  39|0x0000000083d00000, 0x0000000083d00000, 0x0000000083e00000|  0%| F|  |TAMS 0x0000000083d00000, 0x0000000083d00000| Untracked 
|  40|0x0000000083e00000, 0x0000000083e00000, 0x0000000083f00000|  0%| F|  |TAMS 0x0000000083e00000, 0x0000000083e00000| Untracked 
|  41|0x0000000083f00000, 0x0000000083f00000, 0x0000000084000000|  0%| F|  |TAMS 0x0000000083f00000, 0x0000000083f00000| Untracked 
|  42|0x0000000084000000, 0x0000000084000000, 0x0000000084100000|  0%| F|  |TAMS 0x0000000084000000, 0x0000000084000000| Untracked 
|  43|0x0000000084100000, 0x0000000084100000, 0x0000000084200000|  0%| F|  |TAMS 0x0000000084100000, 0x0000000084100000| Untracked 
|  44|0x0000000084200000, 0x0000000084200000, 0x0000000084300000|  0%| F|  |TAMS 0x0000000084200000, 0x0000000084200000| Untracked 
|  45|0x0000000084300000, 0x0000000084300000, 0x0000000084400000|  0%| F|  |TAMS 0x0000000084300000, 0x0000000084300000| Untracked 
|  46|0x0000000084400000, 0x0000000084400000, 0x0000000084500000|  0%| F|  |TAMS 0x0000000084400000, 0x0000000084400000| Untracked 
|  47|0x0000000084500000, 0x0000000084500000, 0x0000000084600000|  0%| F|  |TAMS 0x0000000084500000, 0x0000000084500000| Untracked 
|  48|0x0000000084600000, 0x0000000084600000, 0x0000000084700000|  0%| F|  |TAMS 0x0000000084600000, 0x0000000084600000| Untracked 
|  49|0x0000000084700000, 0x0000000084700000, 0x0000000084800000|  0%| F|  |TAMS 0x0000000084700000, 0x0000000084700000| Untracked 
|  50|0x0000000084800000, 0x0000000084800000, 0x0000000084900000|  0%| F|  |TAMS 0x0000000084800000, 0x0000000084800000| Untracked 
|  51|0x0000000084900000, 0x0000000084900000, 0x0000000084a00000|  0%| F|  |TAMS 0x0000000084900000, 0x0000000084900000| Untracked 
|  52|0x0000000084a00000, 0x0000000084a00000, 0x0000000084b00000|  0%| F|  |TAMS 0x0000000084a00000, 0x0000000084a00000| Untracked 
|  53|0x0000000084b00000, 0x0000000084b00000, 0x0000000084c00000|  0%| F|  |TAMS 0x0000000084b00000, 0x0000000084b00000| Untracked 
|  54|0x0000000084c00000, 0x0000000084c00000, 0x0000000084d00000|  0%| F|  |TAMS 0x0000000084c00000, 0x0000000084c00000| Untracked 
|  55|0x0000000084d00000, 0x0000000084d00000, 0x0000000084e00000|  0%| F|  |TAMS 0x0000000084d00000, 0x0000000084d00000| Untracked 
|  56|0x0000000084e00000, 0x0000000084e00000, 0x0000000084f00000|  0%| F|  |TAMS 0x0000000084e00000, 0x0000000084e00000| Untracked 
|  57|0x0000000084f00000, 0x0000000084f00000, 0x0000000085000000|  0%| F|  |TAMS 0x0000000084f00000, 0x0000000084f00000| Untracked 
|  58|0x0000000085000000, 0x0000000085000000, 0x0000000085100000|  0%| F|  |TAMS 0x0000000085000000, 0x0000000085000000| Untracked 
|  59|0x0000000085100000, 0x0000000085100000, 0x0000000085200000|  0%| F|  |TAMS 0x0000000085100000, 0x0000000085100000| Untracked 
|  60|0x0000000085200000, 0x0000000085200000, 0x0000000085300000|  0%| F|  |TAMS 0x0000000085200000, 0x0000000085200000| Untracked 
|  61|0x0000000085300000, 0x0000000085300000, 0x0000000085400000|  0%| F|  |TAMS 0x0000000085300000, 0x0000000085300000| Untracked 
|  62|0x0000000085400000, 0x0000000085400000, 0x0000000085500000|  0%| F|  |TAMS 0x0000000085400000, 0x0000000085400000| Untracked 
|  63|0x0000000085500000, 0x0000000085500000, 0x0000000085600000|  0%| F|  |TAMS 0x0000000085500000, 0x0000000085500000| Untracked 
|  64|0x0000000085600000, 0x0000000085600000, 0x0000000085700000|  0%| F|  |TAMS 0x0000000085600000, 0x0000000085600000| Untracked 
|  65|0x0000000085700000, 0x0000000085700000, 0x0000000085800000|  0%| F|  |TAMS 0x0000000085700000, 0x0000000085700000| Untracked 
|  66|0x0000000085800000, 0x000000008585dc00, 0x0000000085900000| 36%| S|CS|TAMS 0x0000000085800000, 0x0000000085800000| Complete 
|  67|0x0000000085900000, 0x0000000085a00000, 0x0000000085a00000|100%| S|CS|TAMS 0x0000000085900000, 0x0000000085900000| Complete 
|  68|0x0000000085a00000, 0x0000000085b00000, 0x0000000085b00000|100%| S|CS|TAMS 0x0000000085a00000, 0x0000000085a00000| Complete 
|  69|0x0000000085b00000, 0x0000000085c00000, 0x0000000085c00000|100%| S|CS|TAMS 0x0000000085b00000, 0x0000000085b00000| Complete 
|  70|0x0000000085c00000, 0x0000000085d00000, 0x0000000085d00000|100%| S|CS|TAMS 0x0000000085c00000, 0x0000000085c00000| Complete 
|  71|0x0000000085d00000, 0x0000000085d00000, 0x0000000085e00000|  0%| F|  |TAMS 0x0000000085d00000, 0x0000000085d00000| Untracked 
|  72|0x0000000085e00000, 0x0000000085e00000, 0x0000000085f00000|  0%| F|  |TAMS 0x0000000085e00000, 0x0000000085e00000| Untracked 
|  73|0x0000000085f00000, 0x0000000085f00000, 0x0000000086000000|  0%| F|  |TAMS 0x0000000085f00000, 0x0000000085f00000| Untracked 
|  74|0x0000000086000000, 0x0000000086000000, 0x0000000086100000|  0%| F|  |TAMS 0x0000000086000000, 0x0000000086000000| Untracked 
|  75|0x0000000086100000, 0x0000000086100000, 0x0000000086200000|  0%| F|  |TAMS 0x0000000086100000, 0x0000000086100000| Untracked 
|  76|0x0000000086200000, 0x0000000086200000, 0x0000000086300000|  0%| F|  |TAMS 0x0000000086200000, 0x0000000086200000| Untracked 
|  77|0x0000000086300000, 0x0000000086300000, 0x0000000086400000|  0%| F|  |TAMS 0x0000000086300000, 0x0000000086300000| Untracked 
|  78|0x0000000086400000, 0x0000000086400000, 0x0000000086500000|  0%| F|  |TAMS 0x0000000086400000, 0x0000000086400000| Untracked 
|  79|0x0000000086500000, 0x0000000086500000, 0x0000000086600000|  0%| F|  |TAMS 0x0000000086500000, 0x0000000086500000| Untracked 
|  80|0x0000000086600000, 0x0000000086600000, 0x0000000086700000|  0%| F|  |TAMS 0x0000000086600000, 0x0000000086600000| Untracked 
|  81|0x0000000086700000, 0x0000000086700000, 0x0000000086800000|  0%| F|  |TAMS 0x0000000086700000, 0x0000000086700000| Untracked 
|  82|0x0000000086800000, 0x0000000086800000, 0x0000000086900000|  0%| F|  |TAMS 0x0000000086800000, 0x0000000086800000| Untracked 
|  83|0x0000000086900000, 0x0000000086900000, 0x0000000086a00000|  0%| F|  |TAMS 0x0000000086900000, 0x0000000086900000| Untracked 
|  84|0x0000000086a00000, 0x0000000086a00000, 0x0000000086b00000|  0%| F|  |TAMS 0x0000000086a00000, 0x0000000086a00000| Untracked 
|  85|0x0000000086b00000, 0x0000000086b00000, 0x0000000086c00000|  0%| F|  |TAMS 0x0000000086b00000, 0x0000000086b00000| Untracked 
|  86|0x0000000086c00000, 0x0000000086c00000, 0x0000000086d00000|  0%| F|  |TAMS 0x0000000086c00000, 0x0000000086c00000| Untracked 
|  87|0x0000000086d00000, 0x0000000086e00000, 0x0000000086e00000|100%| E|  |TAMS 0x0000000086d00000, 0x0000000086d00000| Complete 
|  88|0x0000000086e00000, 0x0000000086f00000, 0x0000000086f00000|100%| E|CS|TAMS 0x0000000086e00000, 0x0000000086e00000| Complete 
|  89|0x0000000086f00000, 0x0000000087000000, 0x0000000087000000|100%| E|CS|TAMS 0x0000000086f00000, 0x0000000086f00000| Complete 
|  90|0x0000000087000000, 0x0000000087100000, 0x0000000087100000|100%| E|CS|TAMS 0x0000000087000000, 0x0000000087000000| Complete 
|  91|0x0000000087100000, 0x0000000087200000, 0x0000000087200000|100%| E|CS|TAMS 0x0000000087100000, 0x0000000087100000| Complete 
|  92|0x0000000087200000, 0x0000000087300000, 0x0000000087300000|100%| E|CS|TAMS 0x0000000087200000, 0x0000000087200000| Complete 
|  93|0x0000000087300000, 0x0000000087400000, 0x0000000087400000|100%| E|CS|TAMS 0x0000000087300000, 0x0000000087300000| Complete 
|  94|0x0000000087400000, 0x0000000087500000, 0x0000000087500000|100%| E|CS|TAMS 0x0000000087400000, 0x0000000087400000| Complete 
|  95|0x0000000087500000, 0x0000000087600000, 0x0000000087600000|100%| E|CS|TAMS 0x0000000087500000, 0x0000000087500000| Complete 
|  96|0x0000000087600000, 0x0000000087700000, 0x0000000087700000|100%| E|CS|TAMS 0x0000000087600000, 0x0000000087600000| Complete 
|  97|0x0000000087700000, 0x0000000087800000, 0x0000000087800000|100%| E|CS|TAMS 0x0000000087700000, 0x0000000087700000| Complete 
|  98|0x0000000087800000, 0x0000000087900000, 0x0000000087900000|100%| E|CS|TAMS 0x0000000087800000, 0x0000000087800000| Complete 
|  99|0x0000000087900000, 0x0000000087a00000, 0x0000000087a00000|100%| E|CS|TAMS 0x0000000087900000, 0x0000000087900000| Complete 
| 100|0x0000000087a00000, 0x0000000087b00000, 0x0000000087b00000|100%| E|CS|TAMS 0x0000000087a00000, 0x0000000087a00000| Complete 
| 101|0x0000000087b00000, 0x0000000087c00000, 0x0000000087c00000|100%| E|CS|TAMS 0x0000000087b00000, 0x0000000087b00000| Complete 
| 102|0x0000000087c00000, 0x0000000087d00000, 0x0000000087d00000|100%| E|CS|TAMS 0x0000000087c00000, 0x0000000087c00000| Complete 
| 103|0x0000000087d00000, 0x0000000087e00000, 0x0000000087e00000|100%| E|CS|TAMS 0x0000000087d00000, 0x0000000087d00000| Complete 
| 104|0x0000000087e00000, 0x0000000087f00000, 0x0000000087f00000|100%| E|CS|TAMS 0x0000000087e00000, 0x0000000087e00000| Complete 
| 105|0x0000000087f00000, 0x0000000088000000, 0x0000000088000000|100%| E|CS|TAMS 0x0000000087f00000, 0x0000000087f00000| Complete 
| 106|0x0000000088000000, 0x0000000088100000, 0x0000000088100000|100%| E|CS|TAMS 0x0000000088000000, 0x0000000088000000| Complete 
| 107|0x0000000088100000, 0x0000000088200000, 0x0000000088200000|100%| E|CS|TAMS 0x0000000088100000, 0x0000000088100000| Complete 
| 108|0x0000000088200000, 0x0000000088300000, 0x0000000088300000|100%| E|CS|TAMS 0x0000000088200000, 0x0000000088200000| Complete 
| 109|0x0000000088300000, 0x0000000088400000, 0x0000000088400000|100%| E|CS|TAMS 0x0000000088300000, 0x0000000088300000| Complete 
| 110|0x0000000088400000, 0x0000000088500000, 0x0000000088500000|100%| E|CS|TAMS 0x0000000088400000, 0x0000000088400000| Complete 
| 111|0x0000000088500000, 0x0000000088600000, 0x0000000088600000|100%| E|CS|TAMS 0x0000000088500000, 0x0000000088500000| Complete 
| 112|0x0000000088600000, 0x0000000088700000, 0x0000000088700000|100%| E|CS|TAMS 0x0000000088600000, 0x0000000088600000| Complete 
| 113|0x0000000088700000, 0x0000000088800000, 0x0000000088800000|100%| E|CS|TAMS 0x0000000088700000, 0x0000000088700000| Complete 
| 114|0x0000000088800000, 0x0000000088900000, 0x0000000088900000|100%| E|CS|TAMS 0x0000000088800000, 0x0000000088800000| Complete 
| 115|0x0000000088900000, 0x0000000088a00000, 0x0000000088a00000|100%| E|CS|TAMS 0x0000000088900000, 0x0000000088900000| Complete 
| 116|0x0000000088a00000, 0x0000000088b00000, 0x0000000088b00000|100%| E|CS|TAMS 0x0000000088a00000, 0x0000000088a00000| Complete 
| 117|0x0000000088b00000, 0x0000000088c00000, 0x0000000088c00000|100%| E|CS|TAMS 0x0000000088b00000, 0x0000000088b00000| Complete 
| 118|0x0000000088c00000, 0x0000000088d00000, 0x0000000088d00000|100%| E|CS|TAMS 0x0000000088c00000, 0x0000000088c00000| Complete 
| 119|0x0000000088d00000, 0x0000000088e00000, 0x0000000088e00000|100%| E|CS|TAMS 0x0000000088d00000, 0x0000000088d00000| Complete 
| 120|0x0000000088e00000, 0x0000000088f00000, 0x0000000088f00000|100%| E|CS|TAMS 0x0000000088e00000, 0x0000000088e00000| Complete 
| 121|0x0000000088f00000, 0x0000000089000000, 0x0000000089000000|100%| E|CS|TAMS 0x0000000088f00000, 0x0000000088f00000| Complete 
| 122|0x0000000089000000, 0x0000000089100000, 0x0000000089100000|100%| E|CS|TAMS 0x0000000089000000, 0x0000000089000000| Complete 
| 123|0x0000000089100000, 0x0000000089200000, 0x0000000089200000|100%| E|CS|TAMS 0x0000000089100000, 0x0000000089100000| Complete 
| 124|0x0000000089200000, 0x0000000089300000, 0x0000000089300000|100%| E|CS|TAMS 0x0000000089200000, 0x0000000089200000| Complete 
| 125|0x0000000089300000, 0x0000000089400000, 0x0000000089400000|100%| E|CS|TAMS 0x0000000089300000, 0x0000000089300000| Complete 
| 126|0x0000000089400000, 0x0000000089500000, 0x0000000089500000|100%| E|CS|TAMS 0x0000000089400000, 0x0000000089400000| Complete 
| 127|0x0000000089500000, 0x0000000089600000, 0x0000000089600000|100%| E|CS|TAMS 0x0000000089500000, 0x0000000089500000| Complete 

Card table byte_map: [0x0000026117460000,0x0000026117860000] _byte_map_base: 0x0000026117055000

Marking Bits (Prev, Next): (CMBitMap*) 0x000002617ce7ce30, (CMBitMap*) 0x000002617ce7cdf8
 Prev Bits: [0x0000026119c10000, 0x000002611bbb8000)
 Next Bits: [0x0000026117c60000, 0x0000026119c08000)

Polling page: 0x0000026100000000

Metaspace:

Usage:
  Non-class:     26.15 MB capacity,    25.61 MB ( 98%) used,   435.41 KB (  2%) free+waste,   110.75 KB ( <1%) overhead. 
      Class:      3.79 MB capacity,     3.38 MB ( 89%) used,   363.28 KB (  9%) free+waste,    57.19 KB (  1%) overhead. 
       Both:     29.94 MB capacity,    28.99 MB ( 97%) used,   798.70 KB (  3%) free+waste,   167.94 KB ( <1%) overhead. 

Virtual space:
  Non-class space:       28.00 MB reserved,      26.25 MB ( 94%) committed 
      Class space:        1.00 GB reserved,       3.88 MB ( <1%) committed 
             Both:        1.03 GB reserved,      30.13 MB (  3%) committed 

Chunk freelists:
   Non-Class:  5.25 KB
       Class:  2.63 KB
        Both:  7.88 KB

CodeHeap 'non-profiled nmethods': size=120000Kb used=1393Kb max_used=1393Kb free=118606Kb
 bounds [0x000002610f0c0000, 0x000002610f330000, 0x00000261165f0000]
CodeHeap 'profiled nmethods': size=120000Kb used=5991Kb max_used=5991Kb free=114008Kb
 bounds [0x0000026107b90000, 0x0000026108170000, 0x000002610f0c0000]
CodeHeap 'non-nmethods': size=5760Kb used=1131Kb max_used=1168Kb free=4628Kb
 bounds [0x00000261075f0000, 0x0000026107860000, 0x0000026107b90000]
 total_blobs=3335 nmethods=2880 adapters=365
 compilation: enabled
              stopped_count=0, restarted_count=0
 full_count=0

Compilation events (10 events):
Event: 6.371 Thread 0x000002611f018800 2726       3       org.springframework.util.ObjectUtils::isEmpty (15 bytes)
Event: 6.372 Thread 0x000002611f018800 nmethod 2726 0x0000026108110810 code [0x00000261081109a0, 0x0000026108110b18]
Event: 6.372 Thread 0x000002611f012800 nmethod 2687 0x000002610f204210 code [0x000002610f2043a0, 0x000002610f2044c8]
Event: 6.372 Thread 0x000002611f012800 2725       4       java.lang.AbstractStringBuilder::append (43 bytes)
Event: 6.372 Thread 0x000002611f018800 2727       3       org.springframework.boot.autoconfigure.condition.FilteringSpringBootCondition::match (119 bytes)
Event: 6.374 Thread 0x000002611f018800 nmethod 2727 0x0000026108110c10 code [0x0000026108110e60, 0x00000261081119f8]
Event: 6.374 Thread 0x000002611f018800 2729       3       java.util.HashSet::remove (20 bytes)
Event: 6.374 Thread 0x000002611f018800 nmethod 2729 0x0000026108111d90 code [0x0000026108111f40, 0x0000026108112168]
Event: 6.374 Thread 0x000002611f018800 2728       3       org.springframework.boot.autoconfigure.condition.ConditionEvaluationReport::find (21 bytes)
Event: 6.375 Thread 0x000002611f018800 nmethod 2728 0x0000026108112210 code [0x00000261081123c0, 0x0000026108112768]

GC Heap History (8 events):
Event: 1.699 GC heap before
{Heap before GC invocations=0 (full 0):
 garbage-first heap   total 131072K, used 25600K [0x0000000081600000, 0x0000000100000000)
  region size 1024K, 24 young (24576K), 0 survivors (0K)
 Metaspace       used 10644K, capacity 10935K, committed 11136K, reserved 1058816K
  class space    used 1005K, capacity 1104K, committed 1152K, reserved 1048576K
}
Event: 1.712 GC heap after
{Heap after GC invocations=1 (full 0):
 garbage-first heap   total 131072K, used 11499K [0x0000000081600000, 0x0000000100000000)
  region size 1024K, 3 young (3072K), 3 survivors (3072K)
 Metaspace       used 10644K, capacity 10935K, committed 11136K, reserved 1058816K
  class space    used 1005K, capacity 1104K, committed 1152K, reserved 1048576K
}
Event: 2.561 GC heap before
{Heap before GC invocations=1 (full 0):
 garbage-first heap   total 131072K, used 34027K [0x0000000081600000, 0x0000000100000000)
  region size 1024K, 25 young (25600K), 3 survivors (3072K)
 Metaspace       used 14518K, capacity 15022K, committed 15104K, reserved 1062912K
  class space    used 1514K, capacity 1715K, committed 1792K, reserved 1048576K
}
Event: 2.568 GC heap after
{Heap after GC invocations=2 (full 0):
 garbage-first heap   total 131072K, used 12312K [0x0000000081600000, 0x0000000100000000)
  region size 1024K, 1 young (1024K), 1 survivors (1024K)
 Metaspace       used 14518K, capacity 15022K, committed 15104K, reserved 1062912K
  class space    used 1514K, capacity 1715K, committed 1792K, reserved 1048576K
}
Event: 4.468 GC heap before
{Heap before GC invocations=2 (full 0):
 garbage-first heap   total 131072K, used 55320K [0x0000000081600000, 0x0000000100000000)
  region size 1024K, 44 young (45056K), 1 survivors (1024K)
 Metaspace       used 20458K, capacity 21142K, committed 21248K, reserved 1069056K
  class space    used 2284K, capacity 2532K, committed 2560K, reserved 1048576K
}
Event: 4.476 GC heap after
{Heap after GC invocations=3 (full 0):
 garbage-first heap   total 131072K, used 13836K [0x0000000081600000, 0x0000000100000000)
  region size 1024K, 3 young (3072K), 3 survivors (3072K)
 Metaspace       used 20458K, capacity 21142K, committed 21248K, reserved 1069056K
  class space    used 2284K, capacity 2532K, committed 2560K, reserved 1048576K
}
Event: 5.693 GC heap before
{Heap before GC invocations=4 (full 0):
 garbage-first heap   total 131072K, used 68108K [0x0000000081600000, 0x0000000100000000)
  region size 1024K, 57 young (58368K), 3 survivors (3072K)
 Metaspace       used 27751K, capacity 28616K, committed 28800K, reserved 1075200K
  class space    used 3227K, capacity 3587K, committed 3712K, reserved 1048576K
}
Event: 5.704 GC heap after
{Heap after GC invocations=5 (full 0):
 garbage-first heap   total 131072K, used 15957K [0x0000000081600000, 0x0000000100000000)
  region size 1024K, 5 young (5120K), 5 survivors (5120K)
 Metaspace       used 27751K, capacity 28616K, committed 28800K, reserved 1075200K
  class space    used 3227K, capacity 3587K, committed 3712K, reserved 1048576K
}

Deoptimization events (10 events):
Event: 4.383 Thread 0x000002617ce3f000 Uncommon trap: reason=unstable_if action=reinterpret pc=0x000002610f176b6c method=org.springframework.boot.context.properties.source.ConfigurationPropertyName$ElementsParser.updateType(Lorg/springframework/boot/context/properties/source/ConfigurationPrope
Event: 4.425 Thread 0x000002617ce3f000 Uncommon trap: reason=unstable_if action=reinterpret pc=0x000002610f16b2b0 method=java.lang.String.indexOf([BBILjava/lang/String;I)I @ 21 c2
Event: 4.426 Thread 0x000002617ce3f000 Uncommon trap: reason=unstable_if action=reinterpret pc=0x000002610f116730 method=java.lang.StringLatin1.lastIndexOf([BI[BII)I @ 32 c2
Event: 4.752 Thread 0x000002617ce3f000 Uncommon trap: reason=unstable_if action=reinterpret pc=0x000002610f15cc28 method=java.net.URL.<init>(Ljava/net/URL;Ljava/lang/String;Ljava/net/URLStreamHandler;)V @ 347 c2
Event: 4.901 Thread 0x000002611ff71000 Uncommon trap: reason=unstable_if action=reinterpret pc=0x000002610f122b48 method=jdk.internal.org.objectweb.asm.Type.getArgumentsAndReturnSizes(Ljava/lang/String;)I @ 130 c2
Event: 5.230 Thread 0x000002617ce3f000 Uncommon trap: reason=unstable_if action=reinterpret pc=0x000002610f12a4d0 method=java.util.concurrent.ConcurrentHashMap.get(Ljava/lang/Object;)Ljava/lang/Object; @ 76 c2
Event: 5.418 Thread 0x000002611ff71000 Uncommon trap: reason=unstable_if action=reinterpret pc=0x000002610f193344 method=java.nio.Buffer.limit(I)Ljava/nio/Buffer; @ 42 c2
Event: 6.094 Thread 0x000002617ce3f000 Uncommon trap: reason=null_check action=make_not_entrant pc=0x000002610f1314a8 method=jdk.internal.loader.URLClassPath$JarLoader.getResource(Ljava/lang/String;ZLjava/util/Set;)Ljdk/internal/loader/Resource; @ 92 c2
Event: 6.104 Thread 0x000002617ce3f000 Uncommon trap: reason=unloaded action=reinterpret pc=0x000002610f101af8 method=jdk.internal.loader.URLClassPath$JarLoader.ensureOpen()V @ 26 c2
Event: 6.209 Thread 0x000002617ce3f000 Uncommon trap: reason=intrinsic_or_type_checked_inlining action=make_not_entrant pc=0x000002610f1f8fd8 method=java.util.Arrays.copyOf([Ljava/lang/Object;ILjava/lang/Class;)[Ljava/lang/Object; @ 35 c2

Classes redefined (0 events):
No events

Internal exceptions (10 events):
Event: 5.537 Thread 0x000002611ff71000 Exception <a 'java/lang/NoSuchMethodError'{0x0000000086493450}: java.lang.invoke.DirectMethodHandle$Holder.invokeInterface(Ljava/lang/Object;Ljava/lang/Object;)J> (0x0000000086493450) thrown at [./open/src/hotspot/share/interpreter/linkResolver.cpp, line 
Event: 5.538 Thread 0x000002611ff71000 Exception <a 'java/lang/IncompatibleClassChangeError'{0x00000000864961e8}: Found class java.lang.Object, but interface was expected> (0x00000000864961e8) thrown at [./open/src/hotspot/share/interpreter/linkResolver.cpp, line 838]
Event: 5.606 Thread 0x000002611ff71000 Exception <a 'java/lang/NoSuchMethodError'{0x0000000086124ba0}: java.lang.invoke.DirectMethodHandle$Holder.invokeVirtual(Ljava/lang/Object;Ljava/lang/Object;Ljava/lang/Object;Ljava/lang/Object;)Ljava/lang/Object;> (0x0000000086124ba0) thrown at [./open/sr
Event: 5.788 Thread 0x000002617ce3f000 Exception <a 'java/lang/IncompatibleClassChangeError'{0x000000008911e958}: Found class java.lang.Object, but interface was expected> (0x000000008911e958) thrown at [./open/src/hotspot/share/interpreter/linkResolver.cpp, line 838]
Event: 6.094 Thread 0x000002617ce3f000 Implicit null exception at 0x000002610f12f25f to 0x000002610f131460
Event: 6.104 Thread 0x000002617ce3f000 Exception <a 'java/security/PrivilegedActionException'{0x00000000885a8540}> (0x00000000885a8540) thrown at [./open/src/hotspot/share/prims/jvm.cpp, line 1305]
Event: 6.104 Thread 0x000002617ce3f000 Exception <a 'java/security/PrivilegedActionException'{0x00000000885a9008}> (0x00000000885a9008) thrown at [./open/src/hotspot/share/prims/jvm.cpp, line 1305]
Event: 6.207 Thread 0x000002617ce3f000 Exception <a 'java/lang/NoSuchMethodError'{0x0000000088278488}: java.lang.invoke.DirectMethodHandle$Holder.invokeSpecial(Ljava/lang/Object;Ljava/lang/Object;IILjava/lang/Object;Ljava/lang/Object;Ljava/lang/Object;Ljava/lang/Object;)Ljava/lang/Object;> (0x
Event: 6.207 Thread 0x000002617ce3f000 Exception <a 'java/lang/NoSuchMethodError'{0x000000008827c3b8}: java.lang.invoke.DelegatingMethodHandle$Holder.reinvoke_L(Ljava/lang/Object;IILjava/lang/Object;Ljava/lang/Object;Ljava/lang/Object;Ljava/lang/Object;)Ljava/lang/Object;> (0x000000008827c3b8)
Event: 6.224 Thread 0x000002617ce3f000 Exception <a 'java/io/FileNotFoundException'{0x00000000881127b8}> (0x00000000881127b8) thrown at [./open/src/hotspot/share/prims/jni.cpp, line 611]

Events (10 events):
Event: 6.371 loading class org/infinispan/spring/embedded/provider/SpringEmbeddedCacheManager
Event: 6.371 loading class org/infinispan/spring/embedded/provider/SpringEmbeddedCacheManager done
Event: 6.372 loading class com/couchbase/client/java/Cluster
Event: 6.372 loading class com/couchbase/client/java/Cluster done
Event: 6.372 loading class org/springframework/data/redis/connection/RedisConnectionFactory
Event: 6.372 loading class org/springframework/data/redis/connection/RedisConnectionFactory done
Event: 6.373 loading class com/github/benmanes/caffeine/cache/Caffeine
Event: 6.373 loading class com/github/benmanes/caffeine/cache/Caffeine done
Event: 6.375 loading class org/springframework/boot/autoconfigure/cache/CacheCondition
Event: 6.375 loading class org/springframework/boot/autoconfigure/cache/CacheCondition done


Dynamic libraries:
0x00007ff6afb40000 - 0x00007ff6afb4f000 	C:\Program Files\Java\jdk-11.0.15\bin\java.exe
0x00007ffb7c5f0000 - 0x00007ffb7c7e8000 	C:\Windows\SYSTEM32\ntdll.dll
0x00007ffb74580000 - 0x00007ffb74599000 	C:\Program Files\Avast Software\Avast\aswhook.dll
0x00007ffb7c020000 - 0x00007ffb7c0dd000 	C:\Windows\System32\KERNEL32.DLL
0x00007ffb79d50000 - 0x00007ffb7a046000 	C:\Windows\System32\KERNELBASE.dll
0x00007ffb7a290000 - 0x00007ffb7a390000 	C:\Windows\System32\ucrtbase.dll
0x00007ffb5d450000 - 0x00007ffb5d468000 	C:\Program Files\Java\jdk-11.0.15\bin\jli.dll
0x00007ffb5d2d0000 - 0x00007ffb5d2e5000 	C:\Program Files\Java\jdk-11.0.15\bin\VCRUNTIME140.dll
0x00007ffb7bad0000 - 0x00007ffb7bb7f000 	C:\Windows\System32\ADVAPI32.dll
0x00007ffb7af10000 - 0x00007ffb7afae000 	C:\Windows\System32\msvcrt.dll
0x00007ffb7ae70000 - 0x00007ffb7af0c000 	C:\Windows\System32\sechost.dll
0x00007ffb7b980000 - 0x00007ffb7baa6000 	C:\Windows\System32\RPCRT4.dll
0x00007ffb7bd00000 - 0x00007ffb7be9e000 	C:\Windows\System32\USER32.dll
0x00007ffb7a620000 - 0x00007ffb7a642000 	C:\Windows\System32\win32u.dll
0x00007ffb61d60000 - 0x00007ffb61ffa000 	C:\Windows\WinSxS\amd64_microsoft.windows.common-controls_6595b64144ccf1df_6.0.19041.3636_none_60b6a03d71f818d5\COMCTL32.dll
0x00007ffb7b480000 - 0x00007ffb7b4ac000 	C:\Windows\System32\GDI32.dll
0x00007ffb7a050000 - 0x00007ffb7a16a000 	C:\Windows\System32\gdi32full.dll
0x00007ffb7a390000 - 0x00007ffb7a42d000 	C:\Windows\System32\msvcp_win.dll
0x00007ffb73d60000 - 0x00007ffb73d6a000 	C:\Windows\SYSTEM32\VERSION.dll
0x00007ffb7c210000 - 0x00007ffb7c240000 	C:\Windows\System32\IMM32.DLL
0x00007ffb4ce90000 - 0x00007ffb4cf2b000 	C:\Program Files\Java\jdk-11.0.15\bin\msvcp140.dll
0x00007ffb3ac20000 - 0x00007ffb3b736000 	C:\Program Files\Java\jdk-11.0.15\bin\server\jvm.dll
0x00007ffb7b4b0000 - 0x00007ffb7b4b8000 	C:\Windows\System32\PSAPI.DLL
0x00007ffb6efb0000 - 0x00007ffb6efb9000 	C:\Windows\SYSTEM32\WSOCK32.dll
0x00007ffb77130000 - 0x00007ffb77157000 	C:\Windows\SYSTEM32\WINMM.dll
0x00007ffb7b8b0000 - 0x00007ffb7b91b000 	C:\Windows\System32\WS2_32.dll
0x00007ffb78830000 - 0x00007ffb78842000 	C:\Windows\SYSTEM32\kernel.appcore.dll
0x00007ffb6e780000 - 0x00007ffb6e790000 	C:\Program Files\Java\jdk-11.0.15\bin\verify.dll
0x00007ffb78310000 - 0x00007ffb784f4000 	C:\Windows\SYSTEM32\DBGHELP.DLL
0x00007ffb73390000 - 0x00007ffb733c4000 	C:\Windows\SYSTEM32\dbgcore.DLL
0x00007ffb7a590000 - 0x00007ffb7a612000 	C:\Windows\System32\bcryptPrimitives.dll
0x00007ffb58320000 - 0x00007ffb58348000 	C:\Program Files\Java\jdk-11.0.15\bin\java.dll
0x00007ffb66250000 - 0x00007ffb6625a000 	C:\Program Files\Java\jdk-11.0.15\bin\jimage.dll
0x00007ffb5b650000 - 0x00007ffb5b666000 	C:\Program Files\Java\jdk-11.0.15\bin\zip.dll
0x00007ffb7a720000 - 0x00007ffb7ae64000 	C:\Windows\System32\SHELL32.dll
0x00007ffb77970000 - 0x00007ffb7810b000 	C:\Windows\SYSTEM32\windows.storage.dll
0x00007ffb7b4c0000 - 0x00007ffb7b814000 	C:\Windows\System32\combase.dll
0x00007ffb79640000 - 0x00007ffb7966d000 	C:\Windows\SYSTEM32\Wldp.dll
0x00007ffb7bf50000 - 0x00007ffb7bffd000 	C:\Windows\System32\SHCORE.dll
0x00007ffb7c2c0000 - 0x00007ffb7c315000 	C:\Windows\System32\shlwapi.dll
0x00007ffb79c00000 - 0x00007ffb79c25000 	C:\Windows\SYSTEM32\profapi.dll
0x00007ffb57f80000 - 0x00007ffb57f99000 	C:\Program Files\Java\jdk-11.0.15\bin\net.dll
0x00007ffb72c60000 - 0x00007ffb72d6a000 	C:\Windows\SYSTEM32\WINHTTP.dll
0x00007ffb79340000 - 0x00007ffb793aa000 	C:\Windows\system32\mswsock.dll
0x00007ffb551e0000 - 0x00007ffb551f2000 	C:\Program Files\Java\jdk-11.0.15\bin\nio.dll
0x00007ffb65440000 - 0x00007ffb65449000 	C:\Program Files\Java\jdk-11.0.15\bin\management.dll
0x00007ffb646a0000 - 0x00007ffb646ab000 	C:\Program Files\Java\jdk-11.0.15\bin\management_ext.dll
0x00007ffb79050000 - 0x00007ffb7908b000 	C:\Windows\SYSTEM32\IPHLPAPI.DLL
0x00007ffb7bab0000 - 0x00007ffb7bab8000 	C:\Windows\System32\NSI.dll
0x00007ffb73860000 - 0x00007ffb73877000 	C:\Windows\SYSTEM32\dhcpcsvc6.DLL
0x00007ffb73840000 - 0x00007ffb7385d000 	C:\Windows\SYSTEM32\dhcpcsvc.DLL
0x00007ffb79090000 - 0x00007ffb7915a000 	C:\Windows\SYSTEM32\DNSAPI.dll
0x00007ffb72750000 - 0x00007ffb7275a000 	C:\Windows\System32\rasadhlp.dll
0x00007ffb71980000 - 0x00007ffb71a00000 	C:\Windows\System32\fwpuclnt.dll
0x00007ffb79cd0000 - 0x00007ffb79cf7000 	C:\Windows\System32\bcrypt.dll
0x00007ffb74210000 - 0x00007ffb74227000 	C:\Windows\system32\napinsp.dll
0x00007ffb74230000 - 0x00007ffb7424b000 	C:\Windows\system32\pnrpnsp.dll
0x00007ffb74250000 - 0x00007ffb74265000 	C:\Windows\system32\wshbth.dll
0x00007ffb74ec0000 - 0x00007ffb74edd000 	C:\Windows\system32\NLAapi.dll
0x00007ffb74270000 - 0x00007ffb74282000 	C:\Windows\System32\winrnr.dll

dbghelp: loaded successfully - version: 4.0.5 - missing functions: none
symbol engine: initialized successfully - sym options: 0x614 - pdb path: .;C:\Program Files\Java\jdk-11.0.15\bin;C:\Windows\SYSTEM32;C:\Program Files\Avast Software\Avast;C:\Windows\WinSxS\amd64_microsoft.windows.common-controls_6595b64144ccf1df_6.0.19041.3636_none_60b6a03d71f818d5;C:\Program Files\Java\jdk-11.0.15\bin\server

VM Arguments:
java_command: C:\Users\anesy\AppData\Local\Temp\surefire6075307906923848835\surefirebooter16188543888355825888.jar C:\Users\anesy\AppData\Local\Temp\surefire6075307906923848835 2023-12-03T01-11-16_487-jvmRun1 surefire12678787959617493641tmp surefire_012259038952550103620tmp
java_class_path (initial): C:\Users\anesy\AppData\Local\Temp\surefire6075307906923848835\surefirebooter16188543888355825888.jar
Launcher Type: SUN_STANDARD

[Global flags]
     intx CICompilerCount                          = 4                                         {product} {ergonomic}
     uint ConcGCThreads                            = 2                                         {product} {ergonomic}
     uint G1ConcRefinementThreads                  = 8                                         {product} {ergonomic}
   size_t G1HeapRegionSize                         = 1048576                                   {product} {ergonomic}
    uintx GCDrainStackTargetSize                   = 64                                        {product} {ergonomic}
   size_t InitialHeapSize                          = 134217728                                 {product} {ergonomic}
   size_t MarkStackSize                            = 4194304                                   {product} {ergonomic}
   size_t MaxHeapSize                              = 2124414976                                {product} {ergonomic}
   size_t MaxNewSize                               = 1274019840                                {product} {ergonomic}
   size_t MinHeapDeltaBytes                        = 1048576                                   {product} {ergonomic}
    uintx NonNMethodCodeHeapSize                   = 5836300                                {pd product} {ergonomic}
    uintx NonProfiledCodeHeapSize                  = 122910970                              {pd product} {ergonomic}
    uintx ProfiledCodeHeapSize                     = 122910970                              {pd product} {ergonomic}
    uintx ReservedCodeCacheSize                    = 251658240                              {pd product} {ergonomic}
     bool SegmentedCodeCache                       = true                                      {product} {ergonomic}
     bool UseCompressedClassPointers               = true                                 {lp64_product} {ergonomic}
     bool UseCompressedOops                        = true                                 {lp64_product} {ergonomic}
     bool UseG1GC                                  = true                                      {product} {ergonomic}
     bool UseLargePagesIndividualAllocation        = false                                  {pd product} {ergonomic}

Logging:
Log output configuration:
 #0: stdout all=warning uptime,level,tags
 #1: stderr all=off uptime,level,tags

Environment Variables:
PATH=C:\Program Files\Common Files\Oracle\Java\javapath;C:\Windows\system32;C:\Windows;C:\Windows\System32\Wbem;C:\Windows\System32\WindowsPowerShell\v1.0\;C:\Windows\System32\OpenSSH\;C:\Program Files\Microsoft SQL Server\Client SDK\ODBC\130\Tools\Binn\;C:\Program Files (x86)\Microsoft SQL Server\140\Tools\Binn\;C:\Program Files\Microsoft SQL Server\140\Tools\Binn\;C:\Program Files\Microsoft SQL Server\140\DTS\Binn\;C:\Program Files\Microsoft SQL Server\130\Tools\Binn\;C:\Program Files (x86)\Microsoft SQL Server\150\DTS\Binn\;C:\Program Files\Azure Data Studio\bin;C:\Program Files (x86)\Microsoft SQL Server\110\DTS\Binn\;C:\Program Files (x86)\Microsoft SQL Server\120\DTS\Binn\;C:\Program Files (x86)\Microsoft SQL Server\130\DTS\Binn\;C:\Program Files (x86)\Microsoft SQL Server\140\DTS\Binn\;C:\Program Files\nodejs\;C:\Program Files\Git\cmd;D:\Maven\apache-maven-3.8.6\bin;C:\Program Files\php-8.1.13;D:\Xampp\php;C:\ProgramData\ComposerSetup\bin;C:\Program Files\dotnet\;C:\Program Files\Docker\Docker\resources\bin;C:\Program Files\MySQL\MySQL Shell 8.0\bin\;C:\Users\anesy\AppData\Local\Microsoft\WindowsApps;C:\Program Files\Azure Data Studio\bin;C:\Users\anesy\AppData\Local\Programs\Microsoft VS Code\bin;C:\Users\anesy\AppData\Roaming\npm;C:\Users\anesy\AppData\Local\GitHubDesktop\bin;C:\Program Files\curl-7.86.0_2-win64-mingw\bin;C:\Users\anesy\AppData\Roaming\Composer\vendor\bin
USERNAME=anesy
OS=Windows_NT
PROCESSOR_IDENTIFIER=Intel64 Family 6 Model 142 Stepping 10, GenuineIntel



---------------  S Y S T E M  ---------------

OS: Windows 10 , 64 bit Build 19041 (10.0.19041.3636)
Hyper-V role detected

CPU:total 8 (initial active 8) (4 cores per cpu, 2 threads per core) family 6 model 142 stepping 10 microcode 0xb4, cmov, cx8, fxsr, mmx, sse, sse2, sse3, ssse3, sse4.1, sse4.2, popcnt, avx, avx2, aes, clmul, erms, 3dnowpref, lzcnt, ht, tsc, tscinvbit, bmi1, bmi2, adx, fma

Memory: 4k page, system-wide physical 8097M (1590M free)
TotalPageFile size 9493M (AvailPageFile size 6M)
current process WorkingSet (physical memory assigned to process): 196M, peak: 199M
current process commit charge ("private bytes"): 296M, peak: 298M

vm_info: Java HotSpot(TM) 64-Bit Server VM (11.0.15+8-LTS-149) for windows-amd64 JRE (11.0.15+8-LTS-149), built on Mar  9 2022 22:42:32 by "mach5one" with MS VC++ 15.9 (VS2017)

END.
